TpTrace Verbose: 0 : 3304, 1, 2022/04/23, 23:51:50.876, 15917426259179, vstest.console.dll, Version: 16.11.0
TpTrace Information: 0 : 3304, 1, 2022/04/23, 23:51:50.886, 15917426337081, vstest.console.dll, FilePatternParser: The given file C:\poc\TestLeanTech\TestSDET\Test\bin\Debug\net5.0\fine-code-coverage\build-output\Test.dll is a full path.
TpTrace Verbose: 0 : 3304, 1, 2022/04/23, 23:51:50.892, 15917426405659, vstest.console.dll, TestPluginCache.DiscoverTestExtensions: finding test extensions in assemblies ends with: RuntimeProvider.dll TPluginInfo: Microsoft.VisualStudio.TestPlatform.Common.ExtensionFramework.Utilities.TestRuntimePluginInformation TExtension: Microsoft.VisualStudio.TestPlatform.ObjectModel.Host.ITestRuntimeProvider
TpTrace Verbose: 0 : 3304, 1, 2022/04/23, 23:51:50.893, 15917426412664, vstest.console.dll, TestPluginCache.GetExtensionPaths: Filtered extension paths: 
TpTrace Verbose: 0 : 3304, 1, 2022/04/23, 23:51:50.893, 15917426413991, vstest.console.dll, TestPluginCache.GetExtensionPaths: Added default extension paths: C:\Program Files\dotnet\sdk\5.0.404\Extensions\Microsoft.Diagnostics.NETCore.Client.dll
C:\Program Files\dotnet\sdk\5.0.404\Extensions\Microsoft.TestPlatform.Extensions.BlameDataCollector.dll
C:\Program Files\dotnet\sdk\5.0.404\Extensions\Microsoft.TestPlatform.Extensions.EventLogCollector.dll
C:\Program Files\dotnet\sdk\5.0.404\Extensions\Microsoft.TestPlatform.TestHostRuntimeProvider.dll
C:\Program Files\dotnet\sdk\5.0.404\Extensions\Microsoft.VisualStudio.TestPlatform.Extensions.Html.TestLogger.dll
C:\Program Files\dotnet\sdk\5.0.404\Extensions\Microsoft.VisualStudio.TestPlatform.Extensions.Trx.TestLogger.dll
TpTrace Verbose: 0 : 3304, 1, 2022/04/23, 23:51:50.893, 15917426414543, vstest.console.dll, TestPluginCache.GetExtensionPaths: Added unfilterableExtensionPaths: 
TpTrace Information: 0 : 3304, 1, 2022/04/23, 23:51:50.894, 15917426421559, vstest.console.dll, AssemblyResolver.ctor: Creating AssemblyResolver with searchDirectories C:\Program Files\dotnet\sdk\5.0.404\Extensions,C:\Program Files\dotnet\sdk\5.0.404
TpTrace Verbose: 0 : 3304, 1, 2022/04/23, 23:51:50.896, 15917426438186, vstest.console.dll, TestPluginCache.DiscoverTestExtensions: Discovering the extensions using extension path.
TpTrace Verbose: 0 : 3304, 1, 2022/04/23, 23:51:50.896, 15917426440319, vstest.console.dll, TestPluginCache.GetExtensionPaths: Filtered extension paths: 
TpTrace Verbose: 0 : 3304, 1, 2022/04/23, 23:51:50.896, 15917426440896, vstest.console.dll, TestPluginCache.GetExtensionPaths: Added default extension paths: C:\Program Files\dotnet\sdk\5.0.404\Extensions\Microsoft.Diagnostics.NETCore.Client.dll
C:\Program Files\dotnet\sdk\5.0.404\Extensions\Microsoft.TestPlatform.Extensions.BlameDataCollector.dll
C:\Program Files\dotnet\sdk\5.0.404\Extensions\Microsoft.TestPlatform.Extensions.EventLogCollector.dll
C:\Program Files\dotnet\sdk\5.0.404\Extensions\Microsoft.TestPlatform.TestHostRuntimeProvider.dll
C:\Program Files\dotnet\sdk\5.0.404\Extensions\Microsoft.VisualStudio.TestPlatform.Extensions.Html.TestLogger.dll
C:\Program Files\dotnet\sdk\5.0.404\Extensions\Microsoft.VisualStudio.TestPlatform.Extensions.Trx.TestLogger.dll
TpTrace Verbose: 0 : 3304, 1, 2022/04/23, 23:51:50.896, 15917426441316, vstest.console.dll, TestPluginCache.GetExtensionPaths: Added unfilterableExtensionPaths: 
TpTrace Verbose: 0 : 3304, 1, 2022/04/23, 23:51:50.896, 15917426442028, vstest.console.dll, TestPluginCache.DiscoverTestExtensions: Discovering the extensions using allExtensionPaths: C:\Program Files\dotnet\sdk\5.0.404\Extensions\Microsoft.Diagnostics.NETCore.Client.dll
C:\Program Files\dotnet\sdk\5.0.404\Extensions\Microsoft.TestPlatform.Extensions.BlameDataCollector.dll
C:\Program Files\dotnet\sdk\5.0.404\Extensions\Microsoft.TestPlatform.Extensions.EventLogCollector.dll
C:\Program Files\dotnet\sdk\5.0.404\Extensions\Microsoft.TestPlatform.TestHostRuntimeProvider.dll
C:\Program Files\dotnet\sdk\5.0.404\Extensions\Microsoft.VisualStudio.TestPlatform.Extensions.Html.TestLogger.dll
C:\Program Files\dotnet\sdk\5.0.404\Extensions\Microsoft.VisualStudio.TestPlatform.Extensions.Trx.TestLogger.dll
TpTrace Information: 0 : 3304, 1, 2022/04/23, 23:51:50.896, 15917426443756, vstest.console.dll, AssemblyResolver.AddSearchDirectories: Adding more searchDirectories C:\Program Files\dotnet\sdk\5.0.404\Extensions,C:\Program Files\dotnet\sdk\5.0.404
TpTrace Information: 0 : 3304, 1, 2022/04/23, 23:51:50.896, 15917426444502, vstest.console.dll, AssemblyResolver.AddSearchDirectories: Adding more searchDirectories C:\Program Files\dotnet\sdk\5.0.404\Extensions,C:\Program Files\dotnet\sdk\5.0.404
TpTrace Information: 0 : 3304, 1, 2022/04/23, 23:51:50.896, 15917426445121, vstest.console.dll, AssemblyResolver.AddSearchDirectories: Adding more searchDirectories C:\Program Files\dotnet\sdk\5.0.404\Extensions,C:\Program Files\dotnet\sdk\5.0.404
TpTrace Information: 0 : 3304, 1, 2022/04/23, 23:51:50.896, 15917426445549, vstest.console.dll, AssemblyResolver.AddSearchDirectories: Adding more searchDirectories C:\Program Files\dotnet\sdk\5.0.404\Extensions,C:\Program Files\dotnet\sdk\5.0.404
TpTrace Information: 0 : 3304, 1, 2022/04/23, 23:51:50.896, 15917426445935, vstest.console.dll, AssemblyResolver.AddSearchDirectories: Adding more searchDirectories C:\Program Files\dotnet\sdk\5.0.404\Extensions,C:\Program Files\dotnet\sdk\5.0.404
TpTrace Information: 0 : 3304, 1, 2022/04/23, 23:51:50.897, 15917426446296, vstest.console.dll, AssemblyResolver.AddSearchDirectories: Adding more searchDirectories C:\Program Files\dotnet\sdk\5.0.404\Extensions,C:\Program Files\dotnet\sdk\5.0.404
TpTrace Information: 0 : 3304, 1, 2022/04/23, 23:51:50.897, 15917426449904, vstest.console.dll, AssemblyResolver.OnResolve: Microsoft.Diagnostics.NETCore.Client: Resolving assembly.
TpTrace Information: 0 : 3304, 1, 2022/04/23, 23:51:50.897, 15917426450769, vstest.console.dll, AssemblyResolver.OnResolve: Microsoft.Diagnostics.NETCore.Client: Searching in: 'C:\Program Files\dotnet\sdk\5.0.404\Extensions'.
TpTrace Information: 0 : 3304, 1, 2022/04/23, 23:51:50.897, 15917426455216, vstest.console.dll, AssemblyResolver.OnResolve: Microsoft.Diagnostics.NETCore.Client: Loading assembly 'C:\Program Files\dotnet\sdk\5.0.404\Extensions\Microsoft.Diagnostics.NETCore.Client.dll'.
TpTrace Information: 0 : 3304, 1, 2022/04/23, 23:51:50.899, 15917426467008, vstest.console.dll, AssemblyResolver.OnResolve: Resolved assembly: Microsoft.Diagnostics.NETCore.Client, from path: C:\Program Files\dotnet\sdk\5.0.404\Extensions\Microsoft.Diagnostics.NETCore.Client.dll
TpTrace Information: 0 : 3304, 1, 2022/04/23, 23:51:50.902, 15917426505044, vstest.console.dll, AssemblyResolver.OnResolve: Microsoft.Bcl.AsyncInterfaces: Resolving assembly.
TpTrace Information: 0 : 3304, 1, 2022/04/23, 23:51:50.903, 15917426506056, vstest.console.dll, AssemblyResolver.OnResolve: Microsoft.Bcl.AsyncInterfaces: Searching in: 'C:\Program Files\dotnet\sdk\5.0.404\Extensions'.
TpTrace Information: 0 : 3304, 1, 2022/04/23, 23:51:50.903, 15917426507025, vstest.console.dll, AssemblyResolver.OnResolve: Microsoft.Bcl.AsyncInterfaces: Assembly path does not exist: 'C:\Program Files\dotnet\sdk\5.0.404\Extensions\Microsoft.Bcl.AsyncInterfaces.dll', returning.
TpTrace Information: 0 : 3304, 1, 2022/04/23, 23:51:50.903, 15917426507885, vstest.console.dll, AssemblyResolver.OnResolve: Microsoft.Bcl.AsyncInterfaces: Assembly path does not exist: 'C:\Program Files\dotnet\sdk\5.0.404\Extensions\Microsoft.Bcl.AsyncInterfaces.exe', returning.
TpTrace Information: 0 : 3304, 1, 2022/04/23, 23:51:50.903, 15917426508319, vstest.console.dll, AssemblyResolver.OnResolve: Microsoft.Bcl.AsyncInterfaces: Searching in: 'C:\Program Files\dotnet\sdk\5.0.404'.
TpTrace Information: 0 : 3304, 1, 2022/04/23, 23:51:50.903, 15917426509028, vstest.console.dll, AssemblyResolver.OnResolve: Microsoft.Bcl.AsyncInterfaces: Assembly path does not exist: 'C:\Program Files\dotnet\sdk\5.0.404\Microsoft.Bcl.AsyncInterfaces.dll', returning.
TpTrace Information: 0 : 3304, 1, 2022/04/23, 23:51:50.903, 15917426509704, vstest.console.dll, AssemblyResolver.OnResolve: Microsoft.Bcl.AsyncInterfaces: Assembly path does not exist: 'C:\Program Files\dotnet\sdk\5.0.404\Microsoft.Bcl.AsyncInterfaces.exe', returning.
TpTrace Information: 0 : 3304, 1, 2022/04/23, 23:51:50.903, 15917426510482, vstest.console.dll, AssemblyResolver.OnResolve: Microsoft.Bcl.AsyncInterfaces: Failed to load assembly.
TpTrace Verbose: 0 : 3304, 1, 2022/04/23, 23:51:50.903, 15917426511015, vstest.console.dll, CurrentDomainAssemblyResolve: Resolving assembly 'Microsoft.Bcl.AsyncInterfaces'.
TpTrace Information: 0 : 3304, 1, 2022/04/23, 23:51:50.903, 15917426511720, vstest.console.dll, AssemblyResolver.OnResolve: Microsoft.Bcl.AsyncInterfaces: Resolving assembly.
TpTrace Information: 0 : 3304, 1, 2022/04/23, 23:51:50.903, 15917426512190, vstest.console.dll, AssemblyResolver.OnResolve: Microsoft.Bcl.AsyncInterfaces: Resolved from cache.
TpTrace Verbose: 0 : 3304, 1, 2022/04/23, 23:51:50.903, 15917426512584, vstest.console.dll, CurrentDomainAssemblyResolve: Resolving assembly 'Microsoft.Bcl.AsyncInterfaces'.
TpTrace Verbose: 0 : 3304, 1, 2022/04/23, 23:51:50.903, 15917426513217, vstest.console.dll, CurrentDomainAssemblyResolve: Failed to resolve assembly 'Microsoft.Bcl.AsyncInterfaces'.
TpTrace Verbose: 0 : 3304, 1, 2022/04/23, 23:51:50.904, 15917426523234, vstest.console.dll, CurrentDomainAssemblyResolve: Failed to resolve assembly 'Microsoft.Bcl.AsyncInterfaces'.
TpTrace Warning: 0 : 3304, 1, 2022/04/23, 23:51:50.920, 15917426678408, vstest.console.dll, TestPluginDiscoverer: Failed to get types from assembly 'Microsoft.Diagnostics.NETCore.Client, Version=0.2.2.41902, Culture=neutral, PublicKeyToken=31bf3856ad364e35'.  Skipping test extension scan for this assembly.  Error: System.Reflection.ReflectionTypeLoadException: Unable to load one or more of the requested types.
Could not load file or assembly 'Microsoft.Bcl.AsyncInterfaces, Version=1.0.0.0, Culture=neutral, PublicKeyToken=cc7b13ffcd2ddd51'. O sistema não pode encontrar o arquivo especificado.
   at System.Reflection.RuntimeModule.GetTypes(RuntimeModule module)
   at System.Reflection.RuntimeModule.GetTypes()
   at System.Reflection.Assembly.GetTypes()
   at Microsoft.VisualStudio.TestPlatform.Common.ExtensionFramework.TestPluginDiscoverer.GetTestExtensionsFromAssembly[TPluginInfo,TExtension](Assembly assembly, Dictionary`2 pluginInfos)
System.IO.FileNotFoundException: Could not load file or assembly 'Microsoft.Bcl.AsyncInterfaces, Version=1.0.0.0, Culture=neutral, PublicKeyToken=cc7b13ffcd2ddd51'. O sistema não pode encontrar o arquivo especificado.
File name: 'Microsoft.Bcl.AsyncInterfaces, Version=1.0.0.0, Culture=neutral, PublicKeyToken=cc7b13ffcd2ddd51'
TpTrace Warning: 0 : 3304, 1, 2022/04/23, 23:51:50.920, 15917426680293, vstest.console.dll, LoaderExceptions: System.IO.FileNotFoundException: Could not load file or assembly 'Microsoft.Bcl.AsyncInterfaces, Version=1.0.0.0, Culture=neutral, PublicKeyToken=cc7b13ffcd2ddd51'. O sistema não pode encontrar o arquivo especificado.
File name: 'Microsoft.Bcl.AsyncInterfaces, Version=1.0.0.0, Culture=neutral, PublicKeyToken=cc7b13ffcd2ddd51'
TpTrace Information: 0 : 3304, 1, 2022/04/23, 23:51:50.920, 15917426681371, vstest.console.dll, AssemblyResolver.OnResolve: Microsoft.TestPlatform.Extensions.BlameDataCollector: Resolving assembly.
TpTrace Information: 0 : 3304, 1, 2022/04/23, 23:51:50.920, 15917426681859, vstest.console.dll, AssemblyResolver.OnResolve: Microsoft.TestPlatform.Extensions.BlameDataCollector: Searching in: 'C:\Program Files\dotnet\sdk\5.0.404\Extensions'.
TpTrace Information: 0 : 3304, 1, 2022/04/23, 23:51:50.920, 15917426685111, vstest.console.dll, AssemblyResolver.OnResolve: Microsoft.TestPlatform.Extensions.BlameDataCollector: Loading assembly 'C:\Program Files\dotnet\sdk\5.0.404\Extensions\Microsoft.TestPlatform.Extensions.BlameDataCollector.dll'.
TpTrace Information: 0 : 3304, 1, 2022/04/23, 23:51:50.921, 15917426693827, vstest.console.dll, AssemblyResolver.OnResolve: Resolved assembly: Microsoft.TestPlatform.Extensions.BlameDataCollector, from path: C:\Program Files\dotnet\sdk\5.0.404\Extensions\Microsoft.TestPlatform.Extensions.BlameDataCollector.dll
TpTrace Information: 0 : 3304, 1, 2022/04/23, 23:51:50.922, 15917426699157, vstest.console.dll, AssemblyResolver.OnResolve: Microsoft.TestPlatform.Extensions.EventLogCollector: Resolving assembly.
TpTrace Information: 0 : 3304, 1, 2022/04/23, 23:51:50.922, 15917426699866, vstest.console.dll, AssemblyResolver.OnResolve: Microsoft.TestPlatform.Extensions.EventLogCollector: Searching in: 'C:\Program Files\dotnet\sdk\5.0.404\Extensions'.
TpTrace Information: 0 : 3304, 1, 2022/04/23, 23:51:50.922, 15917426702855, vstest.console.dll, AssemblyResolver.OnResolve: Microsoft.TestPlatform.Extensions.EventLogCollector: Loading assembly 'C:\Program Files\dotnet\sdk\5.0.404\Extensions\Microsoft.TestPlatform.Extensions.EventLogCollector.dll'.
TpTrace Information: 0 : 3304, 1, 2022/04/23, 23:51:50.923, 15917426708585, vstest.console.dll, AssemblyResolver.OnResolve: Resolved assembly: Microsoft.TestPlatform.Extensions.EventLogCollector, from path: C:\Program Files\dotnet\sdk\5.0.404\Extensions\Microsoft.TestPlatform.Extensions.EventLogCollector.dll
TpTrace Information: 0 : 3304, 1, 2022/04/23, 23:51:50.925, 15917426729302, vstest.console.dll, AssemblyResolver.OnResolve: Microsoft.TestPlatform.TestHostRuntimeProvider: Resolving assembly.
TpTrace Information: 0 : 3304, 1, 2022/04/23, 23:51:50.925, 15917426730160, vstest.console.dll, AssemblyResolver.OnResolve: Microsoft.TestPlatform.TestHostRuntimeProvider: Searching in: 'C:\Program Files\dotnet\sdk\5.0.404\Extensions'.
TpTrace Information: 0 : 3304, 1, 2022/04/23, 23:51:50.925, 15917426733174, vstest.console.dll, AssemblyResolver.OnResolve: Microsoft.TestPlatform.TestHostRuntimeProvider: Loading assembly 'C:\Program Files\dotnet\sdk\5.0.404\Extensions\Microsoft.TestPlatform.TestHostRuntimeProvider.dll'.
TpTrace Information: 0 : 3304, 1, 2022/04/23, 23:51:50.926, 15917426745120, vstest.console.dll, AssemblyResolver.OnResolve: Resolved assembly: Microsoft.TestPlatform.TestHostRuntimeProvider, from path: C:\Program Files\dotnet\sdk\5.0.404\Extensions\Microsoft.TestPlatform.TestHostRuntimeProvider.dll
TpTrace Information: 0 : 3304, 1, 2022/04/23, 23:51:50.928, 15917426760144, vstest.console.dll, AssemblyResolver.OnResolve: Microsoft.VisualStudio.TestPlatform.Extensions.Html.TestLogger: Resolving assembly.
TpTrace Information: 0 : 3304, 1, 2022/04/23, 23:51:50.928, 15917426761253, vstest.console.dll, AssemblyResolver.OnResolve: Microsoft.VisualStudio.TestPlatform.Extensions.Html.TestLogger: Searching in: 'C:\Program Files\dotnet\sdk\5.0.404\Extensions'.
TpTrace Information: 0 : 3304, 1, 2022/04/23, 23:51:50.929, 15917426767239, vstest.console.dll, AssemblyResolver.OnResolve: Microsoft.VisualStudio.TestPlatform.Extensions.Html.TestLogger: Loading assembly 'C:\Program Files\dotnet\sdk\5.0.404\Extensions\Microsoft.VisualStudio.TestPlatform.Extensions.Html.TestLogger.dll'.
TpTrace Information: 0 : 3304, 1, 2022/04/23, 23:51:50.930, 15917426779965, vstest.console.dll, AssemblyResolver.OnResolve: Resolved assembly: Microsoft.VisualStudio.TestPlatform.Extensions.Html.TestLogger, from path: C:\Program Files\dotnet\sdk\5.0.404\Extensions\Microsoft.VisualStudio.TestPlatform.Extensions.Html.TestLogger.dll
TpTrace Information: 0 : 3304, 1, 2022/04/23, 23:51:50.930, 15917426784461, vstest.console.dll, AssemblyResolver.OnResolve: Microsoft.VisualStudio.TestPlatform.Extensions.Trx.TestLogger: Resolving assembly.
TpTrace Information: 0 : 3304, 1, 2022/04/23, 23:51:50.930, 15917426785531, vstest.console.dll, AssemblyResolver.OnResolve: Microsoft.VisualStudio.TestPlatform.Extensions.Trx.TestLogger: Searching in: 'C:\Program Files\dotnet\sdk\5.0.404\Extensions'.
TpTrace Information: 0 : 3304, 1, 2022/04/23, 23:51:50.931, 15917426790110, vstest.console.dll, AssemblyResolver.OnResolve: Microsoft.VisualStudio.TestPlatform.Extensions.Trx.TestLogger: Loading assembly 'C:\Program Files\dotnet\sdk\5.0.404\Extensions\Microsoft.VisualStudio.TestPlatform.Extensions.Trx.TestLogger.dll'.
TpTrace Information: 0 : 3304, 1, 2022/04/23, 23:51:50.932, 15917426801108, vstest.console.dll, AssemblyResolver.OnResolve: Resolved assembly: Microsoft.VisualStudio.TestPlatform.Extensions.Trx.TestLogger, from path: C:\Program Files\dotnet\sdk\5.0.404\Extensions\Microsoft.VisualStudio.TestPlatform.Extensions.Trx.TestLogger.dll
TpTrace Verbose: 0 : 3304, 1, 2022/04/23, 23:51:50.933, 15917426807138, vstest.console.dll, TestPluginCache: Discovered the extensions using extension path ''.
TpTrace Verbose: 0 : 3304, 1, 2022/04/23, 23:51:50.933, 15917426807915, vstest.console.dll, TestPluginCache: Discoverers are ''.
TpTrace Verbose: 0 : 3304, 1, 2022/04/23, 23:51:50.933, 15917426808305, vstest.console.dll, TestPluginCache: Executors are ''.
TpTrace Verbose: 0 : 3304, 1, 2022/04/23, 23:51:50.933, 15917426808644, vstest.console.dll, TestPluginCache: Executors2 are ''.
TpTrace Verbose: 0 : 3304, 1, 2022/04/23, 23:51:50.933, 15917426808968, vstest.console.dll, TestPluginCache: Setting providers are ''.
TpTrace Verbose: 0 : 3304, 1, 2022/04/23, 23:51:50.933, 15917426809291, vstest.console.dll, TestPluginCache: Loggers are ''.
TpTrace Information: 0 : 3304, 1, 2022/04/23, 23:51:50.937, 15917426855835, vstest.console.dll, RunTestsArgumentProcessor:Execute: Test run is starting.
TpTrace Verbose: 0 : 3304, 1, 2022/04/23, 23:51:50.938, 15917426856805, vstest.console.dll, RunTestsArgumentProcessor:Execute: Queuing Test run.
TpTrace Information: 0 : 3304, 1, 2022/04/23, 23:51:50.938, 15917426858486, vstest.console.dll, TestRequestManager.RunTests: run tests started.
TpTrace Information: 0 : 3304, 1, 2022/04/23, 23:51:50.940, 15917426885780, vstest.console.dll, AssemblyMetadataProvider.GetFrameWork: Determined framework:'.NETCoreApp,Version=v5.0' for source: 'C:\poc\TestLeanTech\TestSDET\Test\bin\Debug\net5.0\fine-code-coverage\build-output\Test.dll'
TpTrace Information: 0 : 3304, 1, 2022/04/23, 23:51:50.941, 15917426887615, vstest.console.dll, Determined framework for all sources: .NETCoreApp,Version=v5.0
TpTrace Information: 0 : 3304, 1, 2022/04/23, 23:51:50.941, 15917426891794, vstest.console.dll, AssemblyMetadataProvider.GetArchitecture: Determined architecture:AnyCPU info for assembly: C:\poc\TestLeanTech\TestSDET\Test\bin\Debug\net5.0\fine-code-coverage\build-output\Test.dll
TpTrace Information: 0 : 3304, 1, 2022/04/23, 23:51:50.943, 15917426908153, vstest.console.dll, Determined platform for all sources: X64
TpTrace Information: 0 : 3304, 1, 2022/04/23, 23:51:50.945, 15917426930903, vstest.console.dll, Compatible sources list : 
TpTrace Information: 0 : 3304, 1, 2022/04/23, 23:51:50.945, 15917426932213, vstest.console.dll, C:\poc\TestLeanTech\TestSDET\Test\bin\Debug\net5.0\fine-code-coverage\build-output\Test.dll
TpTrace Information: 0 : 3304, 1, 2022/04/23, 23:51:50.947, 15917426948506, vstest.console.dll, InferRunSettingsHelper.IsTestSettingsEnabled: Unable to navigate to RunSettings/MSTest. Current node: RunSettings
TpTrace Information: 0 : 3304, 1, 2022/04/23, 23:51:50.947, 15917426953949, vstest.console.dll, AssemblyResolver.OnResolve: Microsoft.VisualStudio.TestPlatform.Fakes: Resolving assembly.
TpTrace Information: 0 : 3304, 1, 2022/04/23, 23:51:50.947, 15917426954675, vstest.console.dll, AssemblyResolver.OnResolve: Microsoft.VisualStudio.TestPlatform.Fakes: Searching in: 'C:\Program Files\dotnet\sdk\5.0.404\Extensions'.
TpTrace Information: 0 : 3304, 1, 2022/04/23, 23:51:50.947, 15917426955835, vstest.console.dll, AssemblyResolver.OnResolve: Microsoft.VisualStudio.TestPlatform.Fakes: Assembly path does not exist: 'C:\Program Files\dotnet\sdk\5.0.404\Extensions\Microsoft.VisualStudio.TestPlatform.Fakes.dll', returning.
TpTrace Information: 0 : 3304, 1, 2022/04/23, 23:51:50.948, 15917426956580, vstest.console.dll, AssemblyResolver.OnResolve: Microsoft.VisualStudio.TestPlatform.Fakes: Assembly path does not exist: 'C:\Program Files\dotnet\sdk\5.0.404\Extensions\Microsoft.VisualStudio.TestPlatform.Fakes.exe', returning.
TpTrace Information: 0 : 3304, 1, 2022/04/23, 23:51:50.948, 15917426957000, vstest.console.dll, AssemblyResolver.OnResolve: Microsoft.VisualStudio.TestPlatform.Fakes: Searching in: 'C:\Program Files\dotnet\sdk\5.0.404'.
TpTrace Information: 0 : 3304, 1, 2022/04/23, 23:51:50.948, 15917426958349, vstest.console.dll, AssemblyResolver.OnResolve: Microsoft.VisualStudio.TestPlatform.Fakes: Assembly path does not exist: 'C:\Program Files\dotnet\sdk\5.0.404\Microsoft.VisualStudio.TestPlatform.Fakes.dll', returning.
TpTrace Information: 0 : 3304, 1, 2022/04/23, 23:51:50.948, 15917426959067, vstest.console.dll, AssemblyResolver.OnResolve: Microsoft.VisualStudio.TestPlatform.Fakes: Assembly path does not exist: 'C:\Program Files\dotnet\sdk\5.0.404\Microsoft.VisualStudio.TestPlatform.Fakes.exe', returning.
TpTrace Information: 0 : 3304, 1, 2022/04/23, 23:51:50.948, 15917426959445, vstest.console.dll, AssemblyResolver.OnResolve: Microsoft.VisualStudio.TestPlatform.Fakes: Failed to load assembly.
TpTrace Information: 0 : 3304, 1, 2022/04/23, 23:51:50.948, 15917426962471, vstest.console.dll, Failed to create newly implemented Fakes Configurator. Reason:System.IO.FileNotFoundException: Could not load file or assembly 'Microsoft.VisualStudio.TestPlatform.Fakes, Version=16.0.0.0, Culture=neutral, PublicKeyToken=null'. O sistema não pode encontrar o arquivo especificado.
File name: 'Microsoft.VisualStudio.TestPlatform.Fakes, Version=16.0.0.0, Culture=neutral, PublicKeyToken=null'
   at System.Reflection.RuntimeAssembly.InternalLoad(ObjectHandleOnStack assemblyName, ObjectHandleOnStack requestingAssembly, StackCrawlMarkHandle stackMark, Boolean throwOnFileNotFound, ObjectHandleOnStack assemblyLoadContext, ObjectHandleOnStack retAssembly)
   at System.Reflection.RuntimeAssembly.InternalLoad(AssemblyName assemblyName, RuntimeAssembly requestingAssembly, StackCrawlMark& stackMark, Boolean throwOnFileNotFound, AssemblyLoadContext assemblyLoadContext)
   at System.Reflection.Assembly.Load(AssemblyName assemblyRef)
   at Microsoft.VisualStudio.TestPlatform.Common.Utilities.FakesUtilities.TryGetFakesCrossPlatformDataCollectorConfigurator() 
TpTrace Verbose: 0 : 3304, 1, 2022/04/23, 23:51:50.951, 15917426995256, vstest.console.dll, TestPluginCache.DiscoverTestExtensions: finding test extensions in assemblies ends with: TestLogger.dll TPluginInfo: Microsoft.VisualStudio.TestPlatform.Common.ExtensionFramework.Utilities.TestLoggerPluginInformation TExtension: Microsoft.VisualStudio.TestPlatform.ObjectModel.Client.ITestLogger
TpTrace Verbose: 0 : 3304, 1, 2022/04/23, 23:51:50.952, 15917426996480, vstest.console.dll, TestPluginCache.GetExtensionPaths: Filtered extension paths: 
TpTrace Verbose: 0 : 3304, 1, 2022/04/23, 23:51:50.952, 15917426996943, vstest.console.dll, TestPluginCache.GetExtensionPaths: Added default extension paths: C:\Program Files\dotnet\sdk\5.0.404\Extensions\Microsoft.Diagnostics.NETCore.Client.dll
C:\Program Files\dotnet\sdk\5.0.404\Extensions\Microsoft.TestPlatform.Extensions.BlameDataCollector.dll
C:\Program Files\dotnet\sdk\5.0.404\Extensions\Microsoft.TestPlatform.Extensions.EventLogCollector.dll
C:\Program Files\dotnet\sdk\5.0.404\Extensions\Microsoft.TestPlatform.TestHostRuntimeProvider.dll
C:\Program Files\dotnet\sdk\5.0.404\Extensions\Microsoft.VisualStudio.TestPlatform.Extensions.Html.TestLogger.dll
C:\Program Files\dotnet\sdk\5.0.404\Extensions\Microsoft.VisualStudio.TestPlatform.Extensions.Trx.TestLogger.dll
TpTrace Verbose: 0 : 3304, 1, 2022/04/23, 23:51:50.952, 15917426997312, vstest.console.dll, TestPluginCache.GetExtensionPaths: Added unfilterableExtensionPaths: 
TpTrace Information: 0 : 3304, 1, 2022/04/23, 23:51:50.952, 15917426998752, vstest.console.dll, AssemblyResolver.AddSearchDirectories: Adding more searchDirectories C:\Program Files\dotnet\sdk\5.0.404\Extensions,C:\Program Files\dotnet\sdk\5.0.404
TpTrace Verbose: 0 : 3304, 1, 2022/04/23, 23:51:50.952, 15917426999270, vstest.console.dll, TestPluginCache.DiscoverTestExtensions: Discovering the extensions using extension path.
TpTrace Verbose: 0 : 3304, 1, 2022/04/23, 23:51:50.952, 15917426999644, vstest.console.dll, TestPluginCache.GetExtensionPaths: Filtered extension paths: 
TpTrace Verbose: 0 : 3304, 1, 2022/04/23, 23:51:50.952, 15917427000181, vstest.console.dll, TestPluginCache.GetExtensionPaths: Added default extension paths: C:\Program Files\dotnet\sdk\5.0.404\Extensions\Microsoft.Diagnostics.NETCore.Client.dll
C:\Program Files\dotnet\sdk\5.0.404\Extensions\Microsoft.TestPlatform.Extensions.BlameDataCollector.dll
C:\Program Files\dotnet\sdk\5.0.404\Extensions\Microsoft.TestPlatform.Extensions.EventLogCollector.dll
C:\Program Files\dotnet\sdk\5.0.404\Extensions\Microsoft.TestPlatform.TestHostRuntimeProvider.dll
C:\Program Files\dotnet\sdk\5.0.404\Extensions\Microsoft.VisualStudio.TestPlatform.Extensions.Html.TestLogger.dll
C:\Program Files\dotnet\sdk\5.0.404\Extensions\Microsoft.VisualStudio.TestPlatform.Extensions.Trx.TestLogger.dll
TpTrace Verbose: 0 : 3304, 1, 2022/04/23, 23:51:50.952, 15917427000560, vstest.console.dll, TestPluginCache.GetExtensionPaths: Added unfilterableExtensionPaths: 
TpTrace Verbose: 0 : 3304, 1, 2022/04/23, 23:51:50.952, 15917427000962, vstest.console.dll, TestPluginCache.DiscoverTestExtensions: Discovering the extensions using allExtensionPaths: C:\Program Files\dotnet\sdk\5.0.404\Extensions\Microsoft.Diagnostics.NETCore.Client.dll
C:\Program Files\dotnet\sdk\5.0.404\Extensions\Microsoft.TestPlatform.Extensions.BlameDataCollector.dll
C:\Program Files\dotnet\sdk\5.0.404\Extensions\Microsoft.TestPlatform.Extensions.EventLogCollector.dll
C:\Program Files\dotnet\sdk\5.0.404\Extensions\Microsoft.TestPlatform.TestHostRuntimeProvider.dll
C:\Program Files\dotnet\sdk\5.0.404\Extensions\Microsoft.VisualStudio.TestPlatform.Extensions.Html.TestLogger.dll
C:\Program Files\dotnet\sdk\5.0.404\Extensions\Microsoft.VisualStudio.TestPlatform.Extensions.Trx.TestLogger.dll
TpTrace Information: 0 : 3304, 1, 2022/04/23, 23:51:50.952, 15917427001433, vstest.console.dll, AssemblyResolver.AddSearchDirectories: Adding more searchDirectories C:\Program Files\dotnet\sdk\5.0.404\Extensions,C:\Program Files\dotnet\sdk\5.0.404
TpTrace Information: 0 : 3304, 1, 2022/04/23, 23:51:50.952, 15917427001865, vstest.console.dll, AssemblyResolver.AddSearchDirectories: Adding more searchDirectories C:\Program Files\dotnet\sdk\5.0.404\Extensions,C:\Program Files\dotnet\sdk\5.0.404
TpTrace Information: 0 : 3304, 1, 2022/04/23, 23:51:50.952, 15917427002229, vstest.console.dll, AssemblyResolver.AddSearchDirectories: Adding more searchDirectories C:\Program Files\dotnet\sdk\5.0.404\Extensions,C:\Program Files\dotnet\sdk\5.0.404
TpTrace Information: 0 : 3304, 1, 2022/04/23, 23:51:50.952, 15917427002588, vstest.console.dll, AssemblyResolver.AddSearchDirectories: Adding more searchDirectories C:\Program Files\dotnet\sdk\5.0.404\Extensions,C:\Program Files\dotnet\sdk\5.0.404
TpTrace Information: 0 : 3304, 1, 2022/04/23, 23:51:50.952, 15917427003030, vstest.console.dll, AssemblyResolver.AddSearchDirectories: Adding more searchDirectories C:\Program Files\dotnet\sdk\5.0.404\Extensions,C:\Program Files\dotnet\sdk\5.0.404
TpTrace Information: 0 : 3304, 1, 2022/04/23, 23:51:50.952, 15917427003392, vstest.console.dll, AssemblyResolver.AddSearchDirectories: Adding more searchDirectories C:\Program Files\dotnet\sdk\5.0.404\Extensions,C:\Program Files\dotnet\sdk\5.0.404
TpTrace Information: 0 : 3304, 1, 2022/04/23, 23:51:50.952, 15917427005627, vstest.console.dll, AssemblyResolver.OnResolve: Microsoft.Bcl.AsyncInterfaces: Resolving assembly.
TpTrace Information: 0 : 3304, 1, 2022/04/23, 23:51:50.953, 15917427006163, vstest.console.dll, AssemblyResolver.OnResolve: Microsoft.Bcl.AsyncInterfaces: Resolved from cache.
TpTrace Verbose: 0 : 3304, 1, 2022/04/23, 23:51:50.953, 15917427006569, vstest.console.dll, CurrentDomainAssemblyResolve: Resolving assembly 'Microsoft.Bcl.AsyncInterfaces'.
TpTrace Information: 0 : 3304, 1, 2022/04/23, 23:51:50.953, 15917427007137, vstest.console.dll, AssemblyResolver.OnResolve: Microsoft.Bcl.AsyncInterfaces: Resolving assembly.
TpTrace Information: 0 : 3304, 1, 2022/04/23, 23:51:50.953, 15917427007513, vstest.console.dll, AssemblyResolver.OnResolve: Microsoft.Bcl.AsyncInterfaces: Resolved from cache.
TpTrace Verbose: 0 : 3304, 1, 2022/04/23, 23:51:50.953, 15917427007914, vstest.console.dll, CurrentDomainAssemblyResolve: Resolving assembly 'Microsoft.Bcl.AsyncInterfaces'.
TpTrace Verbose: 0 : 3304, 1, 2022/04/23, 23:51:50.953, 15917427008351, vstest.console.dll, CurrentDomainAssemblyResolve: Failed to resolve assembly 'Microsoft.Bcl.AsyncInterfaces'.
TpTrace Verbose: 0 : 3304, 1, 2022/04/23, 23:51:50.953, 15917427009815, vstest.console.dll, CurrentDomainAssemblyResolve: Failed to resolve assembly 'Microsoft.Bcl.AsyncInterfaces'.
TpTrace Warning: 0 : 3304, 1, 2022/04/23, 23:51:50.953, 15917427012373, vstest.console.dll, TestPluginDiscoverer: Failed to get types from assembly 'Microsoft.Diagnostics.NETCore.Client, Version=0.2.2.41902, Culture=neutral, PublicKeyToken=31bf3856ad364e35'.  Skipping test extension scan for this assembly.  Error: System.Reflection.ReflectionTypeLoadException: Unable to load one or more of the requested types.
Could not load file or assembly 'Microsoft.Bcl.AsyncInterfaces, Version=1.0.0.0, Culture=neutral, PublicKeyToken=cc7b13ffcd2ddd51'. O sistema não pode encontrar o arquivo especificado.
   at System.Reflection.RuntimeModule.GetTypes(RuntimeModule module)
   at System.Reflection.RuntimeModule.GetTypes()
   at System.Reflection.Assembly.GetTypes()
   at Microsoft.VisualStudio.TestPlatform.Common.ExtensionFramework.TestPluginDiscoverer.GetTestExtensionsFromAssembly[TPluginInfo,TExtension](Assembly assembly, Dictionary`2 pluginInfos)
System.IO.FileNotFoundException: Could not load file or assembly 'Microsoft.Bcl.AsyncInterfaces, Version=1.0.0.0, Culture=neutral, PublicKeyToken=cc7b13ffcd2ddd51'. O sistema não pode encontrar o arquivo especificado.
File name: 'Microsoft.Bcl.AsyncInterfaces, Version=1.0.0.0, Culture=neutral, PublicKeyToken=cc7b13ffcd2ddd51'
TpTrace Warning: 0 : 3304, 1, 2022/04/23, 23:51:50.953, 15917427012966, vstest.console.dll, LoaderExceptions: System.IO.FileNotFoundException: Could not load file or assembly 'Microsoft.Bcl.AsyncInterfaces, Version=1.0.0.0, Culture=neutral, PublicKeyToken=cc7b13ffcd2ddd51'. O sistema não pode encontrar o arquivo especificado.
File name: 'Microsoft.Bcl.AsyncInterfaces, Version=1.0.0.0, Culture=neutral, PublicKeyToken=cc7b13ffcd2ddd51'
TpTrace Verbose: 0 : 3304, 1, 2022/04/23, 23:51:50.954, 15917427016568, vstest.console.dll, TestPluginCache: Discovered the extensions using extension path ''.
TpTrace Verbose: 0 : 3304, 1, 2022/04/23, 23:51:50.954, 15917427017099, vstest.console.dll, TestPluginCache: Discoverers are ''.
TpTrace Verbose: 0 : 3304, 1, 2022/04/23, 23:51:50.954, 15917427017442, vstest.console.dll, TestPluginCache: Executors are ''.
TpTrace Verbose: 0 : 3304, 1, 2022/04/23, 23:51:50.954, 15917427017826, vstest.console.dll, TestPluginCache: Executors2 are ''.
TpTrace Verbose: 0 : 3304, 1, 2022/04/23, 23:51:50.954, 15917427018144, vstest.console.dll, TestPluginCache: Setting providers are ''.
TpTrace Verbose: 0 : 3304, 1, 2022/04/23, 23:51:50.954, 15917427018824, vstest.console.dll, TestPluginCache: Loggers are 'logger://Microsoft/TestPlatform/Extensions/Blame/v1,logger://Microsoft/TestPlatform/HtmlLogger/v1,logger://Microsoft/TestPlatform/TrxLogger/v1'.
TpTrace Information: 0 : 3304, 1, 2022/04/23, 23:51:50.954, 15917427024315, vstest.console.dll, TestPluginManager.CreateTestExtension: Attempting to load test extension: Microsoft.TestPlatform.Extensions.BlameDataCollector.BlameLogger
TpTrace Information: 0 : 3304, 1, 2022/04/23, 23:51:50.963, 15917427108931, vstest.console.dll, TestPluginManager.CreateTestExtension: Attempting to load test extension: Microsoft.VisualStudio.TestPlatform.CrossPlatEngine.Hosting.DefaultTestHostManager
TpTrace Information: 0 : 3304, 1, 2022/04/23, 23:51:50.963, 15917427112104, vstest.console.dll, TestPluginManager.CreateTestExtension: Attempting to load test extension: Microsoft.VisualStudio.TestPlatform.CrossPlatEngine.Hosting.DotnetTestHostManager
TpTrace Verbose: 0 : 3304, 1, 2022/04/23, 23:51:50.964, 15917427117031, vstest.console.dll, TestEngine: Initializing Parallel Execution as MaxCpuCount is set to: 1
TpTrace Information: 0 : 3304, 1, 2022/04/23, 23:51:50.964, 15917427121776, vstest.console.dll, InferRunSettingsHelper.IsTestSettingsEnabled: Unable to navigate to RunSettings/MSTest. Current node: RunSettings
TpTrace Verbose: 0 : 3304, 1, 2022/04/23, 23:51:50.977, 15917427253709, vstest.console.dll, TestRequestSender is acting as server
TpTrace Verbose: 0 : 3304, 4, 2022/04/23, 23:51:50.980, 15917427284439, vstest.console.dll, DataCollectionRequestSender.InitializeCommunication : Initialize communication. 
TpTrace Information: 0 : 3304, 4, 2022/04/23, 23:51:50.999, 15917427471018, vstest.console.dll, Listening on Endpoint : 127.0.0.1:62521
TpTrace Verbose: 0 : 3304, 4, 2022/04/23, 23:51:51.010, 15917427585747, vstest.console.dll, DotnetDataCollectionLauncher: Full path of dotnet.exe is C:\Program Files\dotnet\dotnet.exe
TpTrace Verbose: 0 : 3304, 4, 2022/04/23, 23:51:51.011, 15917427588154, vstest.console.dll, DotnetDataCollectionLauncher: Adding  --runtimeconfig "C:\Program Files\dotnet\sdk\5.0.404\datacollector.runtimeconfig.json" in args
TpTrace Verbose: 0 : 3304, 4, 2022/04/23, 23:51:51.011, 15917427589834, vstest.console.dll, DotnetDataCollectionLauncher: Adding  --depsfile "C:\Program Files\dotnet\sdk\5.0.404\datacollector.deps.json" in args
TpTrace Information: 0 : 3304, 4, 2022/04/23, 23:51:51.026, 15917427742239, vstest.console.dll, ProxyDataCollectionManager.Initialize: Launched datacollector processId: 20128 port: 62521
TpTrace Information: 0 : 3304, 4, 2022/04/23, 23:51:51.026, 15917427743930, vstest.console.dll, ProxyDataCollectionManager.Initialize: waiting for connection with timeout: 90 seconds
TpTrace Verbose: 0 : 3304, 4, 2022/04/23, 23:51:51.026, 15917427744815, vstest.console.dll, DataCollectionRequestSender.WaitForRequestHandlerConnection : Waiting for connection with timeout: 90000
TpTrace Information: 0 : 3304, 7, 2022/04/23, 23:51:51.456, 15917432038921, vstest.console.dll, Using the buffer size of 16384 bytes
TpTrace Verbose: 0 : 3304, 4, 2022/04/23, 23:51:51.456, 15917432039535, vstest.console.dll, ProxyDataCollectionManager.InvokeDataCollectionServiceAction: Starting.
TpTrace Information: 0 : 3304, 7, 2022/04/23, 23:51:51.456, 15917432041020, vstest.console.dll, Accepted Client request and set the flag
TpTrace Information: 0 : 3304, 4, 2022/04/23, 23:51:51.456, 15917432041426, vstest.console.dll, ProxyDataCollectionManager.BeforeTestRunStart: Get environment variable and port for datacollector processId: 20128 port: 62521
TpTrace Verbose: 0 : 3304, 4, 2022/04/23, 23:51:51.456, 15917432043158, vstest.console.dll, DataCollectionRequestSender.SendBeforeTestRunStartAndGetResult : Send BeforeTestRunStart message with settingsXml <RunSettings><RunConfiguration><ResultsDirectory>C:\poc\TestLeanTech\TestSDET\Test\bin\Debug\net5.0\fine-code-coverage\coverage-tool-output</ResultsDirectory><TargetPlatform>X64</TargetPlatform><TargetFrameworkVersion>.NETCoreApp,Version=v5.0</TargetFrameworkVersion><DesignMode>False</DesignMode><CollectSourceInformation>False</CollectSourceInformation><TestAdaptersPaths>C:\Program Files\dotnet\sdk\5.0.404\Extensions</TestAdaptersPaths></RunConfiguration><LoggerRunSettings><Loggers><Logger friendlyName="blame" enabled="True" /><Logger friendlyName="Console" uri="logger://microsoft/TestPlatform/ConsoleLogger/v1" assemblyQualifiedName="Microsoft.VisualStudio.TestPlatform.CommandLine.Internal.ConsoleLogger, vstest.console, Version=15.0.0.0, Culture=neutral, PublicKeyToken=b03f5f7f11d50a3a" codeBase="C:\Program Files\dotnet\sdk\5.0.404\vstest.console.dll" enabled="True" /></Loggers></LoggerRunSettings><DataCollectionRunSettings><DataCollectors><DataCollector friendlyName="blame" enabled="True"><Configuration><ResultsDirectory>C:\poc\TestLeanTech\TestSDET\Test\bin\Debug\net5.0\fine-code-coverage\coverage-tool-output</ResultsDirectory></Configuration></DataCollector></DataCollectors></DataCollectionRunSettings></RunSettings> and sources System.Linq.Enumerable+Concat2Iterator`1[System.String]: 
TpTrace Verbose: 0 : 3304, 4, 2022/04/23, 23:51:51.532, 15917432796342, vstest.console.dll, DataCollectionRequestSender.SendBeforeTestRunStartAndGetResult : Received message: (DataCollection.SendMessage) -> {
  "FriendlyName": null,
  "Uri": null,
  "TestCaseId": "00000000-0000-0000-0000-000000000000",
  "Message": "Logging DataCollector Diagnostics in file: C:\\poc\\TestLeanTech\\TestSDET\\Test\\bin\\Debug\\net5.0\\fine-code-coverage\\coverage-tool-output\\diagnostics.datacollector.22-04-23_23-51-51_00561_4.log",
  "Level": 0
}
TpTrace Verbose: 0 : 3304, 4, 2022/04/23, 23:51:51.595, 15917433432854, vstest.console.dll, DataCollectionRequestSender.SendBeforeTestRunStartAndGetResult : Received message: (DataCollection.BeforeTestRunStartResult) -> {
  "EnvironmentVariables": {},
  "DataCollectionEventsPort": 62524
}
TpTrace Information: 0 : 3304, 4, 2022/04/23, 23:51:51.599, 15917433468180, vstest.console.dll, ProxyDataCollectionManager.BeforeTestRunStart: SendBeforeTestRunStartAndGetResult successful, env variable from datacollector:   and testhost port: 62524
TpTrace Information: 0 : 3304, 4, 2022/04/23, 23:51:51.599, 15917433469543, vstest.console.dll, ProxyDataCollectionManager.InvokeDataCollectionServiceAction: Completed.
TpTrace Verbose: 0 : 3304, 1, 2022/04/23, 23:51:51.599, 15917433471418, vstest.console.dll, TestRunRequest.ExecuteAsync: Creating test run request.
TpTrace Verbose: 0 : 3304, 1, 2022/04/23, 23:51:51.599, 15917433474283, vstest.console.dll, TestRunRequest.ExecuteAsync: Starting.
TpTrace Information: 0 : 3304, 1, 2022/04/23, 23:51:51.600, 15917433477119, vstest.console.dll, TestRunRequest.ExecuteAsync: Starting run with settings:TestRunCriteria:
   KeepAlive=False,FrequencyOfRunStatsChangeEvent=10,RunStatsChangeEventTimeout=00:00:01.5000000,TestCaseFilter=,TestExecutorLauncher=
   Settingsxml=<RunSettings>
  <RunConfiguration>
    <ResultsDirectory>C:\poc\TestLeanTech\TestSDET\Test\bin\Debug\net5.0\fine-code-coverage\coverage-tool-output</ResultsDirectory>
    <TargetPlatform>X64</TargetPlatform>
    <TargetFrameworkVersion>.NETCoreApp,Version=v5.0</TargetFrameworkVersion>
    <DesignMode>False</DesignMode>
    <CollectSourceInformation>False</CollectSourceInformation>
  </RunConfiguration>
  <LoggerRunSettings>
    <Loggers>
      <Logger friendlyName="blame" enabled="True" />
      <Logger friendlyName="Console" uri="logger://microsoft/TestPlatform/ConsoleLogger/v1" assemblyQualifiedName="Microsoft.VisualStudio.TestPlatform.CommandLine.Internal.ConsoleLogger, vstest.console, Version=15.0.0.0, Culture=neutral, PublicKeyToken=b03f5f7f11d50a3a" codeBase="C:\Program Files\dotnet\sdk\5.0.404\vstest.console.dll" enabled="True" />
    </Loggers>
  </LoggerRunSettings>
  <DataCollectionRunSettings>
    <DataCollectors>
      <DataCollector friendlyName="blame" enabled="True">
        <Configuration>
          <ResultsDirectory>C:\poc\TestLeanTech\TestSDET\Test\bin\Debug\net5.0\fine-code-coverage\coverage-tool-output</ResultsDirectory>
        </Configuration>
      </DataCollector>
    </DataCollectors>
  </DataCollectionRunSettings>
</RunSettings>

TpTrace Verbose: 0 : 3304, 1, 2022/04/23, 23:51:51.600, 15917433477823, vstest.console.dll, TestRunRequest.ExecuteAsync: Wait for the first run request is over.
TpTrace Verbose: 0 : 3304, 1, 2022/04/23, 23:51:51.600, 15917433482690, vstest.console.dll, ParallelProxyExecutionManager: Start execution. Total sources: 1
TpTrace Information: 0 : 3304, 1, 2022/04/23, 23:51:51.601, 15917433490180, vstest.console.dll, ProxyParallelExecutionManager: Triggering test run for next source: C:\poc\TestLeanTech\TestSDET\Test\bin\Debug\net5.0\fine-code-coverage\build-output\Test.dll
TpTrace Verbose: 0 : 3304, 1, 2022/04/23, 23:51:51.601, 15917433492614, vstest.console.dll, ProxyParallelExecutionManager: No sources available for execution.
TpTrace Information: 0 : 3304, 1, 2022/04/23, 23:51:51.601, 15917433493384, vstest.console.dll, TestRunRequest.ExecuteAsync: Started.
TpTrace Verbose: 0 : 3304, 6, 2022/04/23, 23:51:51.601, 15917433492651, vstest.console.dll, ParallelProxyExecutionManager: Execution started. Started clients: 1
TpTrace Verbose: 0 : 3304, 1, 2022/04/23, 23:51:51.601, 15917433494692, vstest.console.dll, TestRunRequest.WaitForCompletion: Waiting with timeout -1.
TpTrace Verbose: 0 : 3304, 6, 2022/04/23, 23:51:51.602, 15917433497812, vstest.console.dll, TestRunRequest:SendTestRunMessage: Starting.
TpTrace Information: 0 : 3304, 6, 2022/04/23, 23:51:51.602, 15917433499261, vstest.console.dll, TestRunRequest:SendTestRunMessage: Completed.
TpTrace Verbose: 0 : 3304, 6, 2022/04/23, 23:51:51.602, 15917433501400, vstest.console.dll, ProxyExecutionManager: Test host is always Lazy initialize.
TpTrace Verbose: 0 : 3304, 6, 2022/04/23, 23:51:51.602, 15917433504212, vstest.console.dll, TestRequestSender.InitializeCommunication: initialize communication. 
TpTrace Information: 0 : 3304, 6, 2022/04/23, 23:51:51.603, 15917433509767, vstest.console.dll, SocketServer.Start: Listening on endpoint : 127.0.0.1:62525
TpTrace Verbose: 0 : 3304, 6, 2022/04/23, 23:51:51.604, 15917433517571, vstest.console.dll, DotnetTestHostmanager: Adding  --runtimeconfig "C:\poc\TestLeanTech\TestSDET\Test\bin\Debug\net5.0\fine-code-coverage\build-output\Test.runtimeconfig.json" in args
TpTrace Verbose: 0 : 3304, 6, 2022/04/23, 23:51:51.604, 15917433518992, vstest.console.dll, DotnetTestHostmanager: Adding  --depsfile "C:\poc\TestLeanTech\TestSDET\Test\bin\Debug\net5.0\fine-code-coverage\build-output\Test.deps.json" in args
TpTrace Verbose: 0 : 3304, 6, 2022/04/23, 23:51:51.604, 15917433521416, vstest.console.dll, DotnetTestHostManager: Testhost.exe/testhost.x86.exe found at path: C:\poc\TestLeanTech\TestSDET\Test\bin\Debug\net5.0\fine-code-coverage\build-output\testhost.exe
TpTrace Verbose: 0 : 3304, 6, 2022/04/23, 23:51:51.604, 15917433522140, vstest.console.dll, DotnetTestHostmanager: Full path of host exe is C:\poc\TestLeanTech\TestSDET\Test\bin\Debug\net5.0\fine-code-coverage\build-output\testhost.exe
TpTrace Verbose: 0 : 3304, 4, 2022/04/23, 23:51:51.605, 15917433531957, vstest.console.dll, DotnetTestHostManager: Starting process 'C:\poc\TestLeanTech\TestSDET\Test\bin\Debug\net5.0\fine-code-coverage\build-output\testhost.exe' with command line ' --runtimeconfig "C:\poc\TestLeanTech\TestSDET\Test\bin\Debug\net5.0\fine-code-coverage\build-output\Test.runtimeconfig.json" --depsfile "C:\poc\TestLeanTech\TestSDET\Test\bin\Debug\net5.0\fine-code-coverage\build-output\Test.deps.json" --port 62525 --endpoint 127.0.0.1:062525 --role client --parentprocessid 3304 --diag "C:\poc\TestLeanTech\TestSDET\Test\bin\Debug\net5.0\fine-code-coverage\coverage-tool-output\diagnostics.host.22-04-23_23-51-51_60375_6.log" --tracelevel 4 --datacollectionport 62524 --telemetryoptedin false'
TpTrace Verbose: 0 : 3304, 4, 2022/04/23, 23:51:51.622, 15917433696773, vstest.console.dll, Test Runtime launched
TpTrace Verbose: 0 : 3304, 6, 2022/04/23, 23:51:51.622, 15917433704105, vstest.console.dll, TestRequestSender.WaitForRequestHandlerConnection: waiting for connection with timeout: 90000
TpTrace Verbose: 0 : 3304, 10, 2022/04/23, 23:51:52.021, 15917437690820, vstest.console.dll, SocketServer.OnClientConnected: Client connected for endPoint: 127.0.0.1:62525, starting MessageLoopAsync:
TpTrace Verbose: 0 : 3304, 4, 2022/04/23, 23:51:52.021, 15917437693459, vstest.console.dll, TcpClientExtensions.MessageLoopAsync: Polling on remoteEndPoint: 127.0.0.1:62526 localEndPoint: 127.0.0.1:62525
TpTrace Verbose: 0 : 3304, 4, 2022/04/23, 23:51:52.159, 15917439071321, vstest.console.dll, TcpClientExtensions.MessageLoopAsync: NotifyDataAvailable remoteEndPoint: 127.0.0.1:62526 localEndPoint: 127.0.0.1:62525
TpTrace Verbose: 0 : 3304, 4, 2022/04/23, 23:51:52.159, 15917439074426, vstest.console.dll, TestRequestSender.CheckVersionWithTestHost: onMessageReceived received message: (ProtocolVersion) -> 5
TpTrace Verbose: 0 : 3304, 4, 2022/04/23, 23:51:52.160, 15917439077935, vstest.console.dll, TcpClientExtensions.MessageLoopAsync: Polling on remoteEndPoint: 127.0.0.1:62526 localEndPoint: 127.0.0.1:62525
TpTrace Verbose: 0 : 3304, 6, 2022/04/23, 23:51:52.160, 15917439079234, vstest.console.dll, TestPluginCache.GetExtensionPaths: Filtered extension paths: 
TpTrace Verbose: 0 : 3304, 6, 2022/04/23, 23:51:52.160, 15917439080262, vstest.console.dll, TestPluginCache.GetExtensionPaths: Added default extension paths: C:\Program Files\dotnet\sdk\5.0.404\Extensions\Microsoft.Diagnostics.NETCore.Client.dll
C:\Program Files\dotnet\sdk\5.0.404\Extensions\Microsoft.TestPlatform.Extensions.BlameDataCollector.dll
C:\Program Files\dotnet\sdk\5.0.404\Extensions\Microsoft.TestPlatform.Extensions.EventLogCollector.dll
C:\Program Files\dotnet\sdk\5.0.404\Extensions\Microsoft.TestPlatform.TestHostRuntimeProvider.dll
C:\Program Files\dotnet\sdk\5.0.404\Extensions\Microsoft.VisualStudio.TestPlatform.Extensions.Html.TestLogger.dll
C:\Program Files\dotnet\sdk\5.0.404\Extensions\Microsoft.VisualStudio.TestPlatform.Extensions.Trx.TestLogger.dll
TpTrace Verbose: 0 : 3304, 6, 2022/04/23, 23:51:52.160, 15917439080884, vstest.console.dll, TestPluginCache.GetExtensionPaths: Added unfilterableExtensionPaths: 
TpTrace Verbose: 0 : 3304, 6, 2022/04/23, 23:51:52.163, 15917439113727, vstest.console.dll, TestRequestSender.InitializeExecution: Sending initializing execution with message: {"Version":5,"MessageType":"TestExecution.Initialize","Payload":["C:\\poc\\TestLeanTech\\TestSDET\\Test\\bin\\Debug\\net5.0\\fine-code-coverage\\build-output\\xunit.runner.visualstudio.dotnetcore.testadapter.dll"]}
TpTrace Verbose: 0 : 3304, 6, 2022/04/23, 23:51:52.170, 15917439179711, vstest.console.dll, TestRequestSender.StartTestRun: Sending test run with message: {"Version":5,"MessageType":"TestExecution.StartWithSources","Payload":{"AdapterSourceMap":{"_none_":["C:\\poc\\TestLeanTech\\TestSDET\\Test\\bin\\Debug\\net5.0\\fine-code-coverage\\build-output\\Test.dll"]},"RunSettings":"<RunSettings>\r\n  <RunConfiguration>\r\n    <ResultsDirectory>C:\\poc\\TestLeanTech\\TestSDET\\Test\\bin\\Debug\\net5.0\\fine-code-coverage\\coverage-tool-output</ResultsDirectory>\r\n    <TargetPlatform>X64</TargetPlatform>\r\n    <TargetFrameworkVersion>.NETCoreApp,Version=v5.0</TargetFrameworkVersion>\r\n    <DesignMode>False</DesignMode>\r\n    <CollectSourceInformation>False</CollectSourceInformation>\r\n  </RunConfiguration>\r\n  <LoggerRunSettings>\r\n    <Loggers>\r\n      <Logger friendlyName=\"blame\" enabled=\"True\" />\r\n      <Logger friendlyName=\"Console\" uri=\"logger://microsoft/TestPlatform/ConsoleLogger/v1\" assemblyQualifiedName=\"Microsoft.VisualStudio.TestPlatform.CommandLine.Internal.ConsoleLogger, vstest.console, Version=15.0.0.0, Culture=neutral, PublicKeyToken=b03f5f7f11d50a3a\" codeBase=\"C:\\Program Files\\dotnet\\sdk\\5.0.404\\vstest.console.dll\" enabled=\"True\" />\r\n    </Loggers>\r\n  </LoggerRunSettings>\r\n  <DataCollectionRunSettings>\r\n    <DataCollectors>\r\n      <DataCollector friendlyName=\"blame\" enabled=\"True\">\r\n        <Configuration>\r\n          <ResultsDirectory>C:\\poc\\TestLeanTech\\TestSDET\\Test\\bin\\Debug\\net5.0\\fine-code-coverage\\coverage-tool-output</ResultsDirectory>\r\n        </Configuration>\r\n      </DataCollector>\r\n    </DataCollectors>\r\n  </DataCollectionRunSettings>\r\n</RunSettings>","TestExecutionContext":{"FrequencyOfRunStatsChangeEvent":10,"RunStatsChangeEventTimeout":"00:00:01.5000000","InIsolation":false,"KeepAlive":false,"AreTestCaseLevelEventsRequired":false,"IsDebug":false,"TestCaseFilter":null,"FilterOptions":null},"Package":null}}
TpTrace Verbose: 0 : 3304, 4, 2022/04/23, 23:51:52.170, 15917439180293, vstest.console.dll, TcpClientExtensions.MessageLoopAsync: NotifyDataAvailable remoteEndPoint: 127.0.0.1:62526 localEndPoint: 127.0.0.1:62525
TpTrace Verbose: 0 : 3304, 4, 2022/04/23, 23:51:52.170, 15917439182297, vstest.console.dll, TestRequestSender.OnExecutionMessageReceived: Received message: {"Version":5,"MessageType":"TestSession.Message","Payload":{"MessageLevel":0,"Message":"Logging TestHost Diagnostics in file: C:\\poc\\TestLeanTech\\TestSDET\\Test\\bin\\Debug\\net5.0\\fine-code-coverage\\coverage-tool-output\\diagnostics.host.22-04-23_23-51-51_60375_6.log"}}
TpTrace Verbose: 0 : 3304, 4, 2022/04/23, 23:51:52.172, 15917439205890, vstest.console.dll, TestRunRequest:SendTestRunMessage: Starting.
TpTrace Information: 0 : 3304, 4, 2022/04/23, 23:51:52.173, 15917439207785, vstest.console.dll, TestRunRequest:SendTestRunMessage: Completed.
TpTrace Verbose: 0 : 3304, 4, 2022/04/23, 23:51:52.173, 15917439208542, vstest.console.dll, TcpClientExtensions.MessageLoopAsync: Polling on remoteEndPoint: 127.0.0.1:62526 localEndPoint: 127.0.0.1:62525
TpTrace Verbose: 0 : 3304, 4, 2022/04/23, 23:51:52.336, 15917440840563, vstest.console.dll, TcpClientExtensions.MessageLoopAsync: NotifyDataAvailable remoteEndPoint: 127.0.0.1:62526 localEndPoint: 127.0.0.1:62525
TpTrace Verbose: 0 : 3304, 4, 2022/04/23, 23:51:52.336, 15917440842109, vstest.console.dll, TestRequestSender.OnExecutionMessageReceived: Received message: {"Version":5,"MessageType":"TestSession.Message","Payload":{"MessageLevel":0,"Message":"[xUnit.net 00:00:00.00] xUnit.net VSTest Adapter v2.4.3+1b45f5407b (64-bit .NET 5.0.14)"}}
TpTrace Verbose: 0 : 3304, 4, 2022/04/23, 23:51:52.336, 15917440845103, vstest.console.dll, TestRunRequest:SendTestRunMessage: Starting.
TpTrace Information: 0 : 3304, 4, 2022/04/23, 23:51:52.337, 15917440847242, vstest.console.dll, TestRunRequest:SendTestRunMessage: Completed.
TpTrace Verbose: 0 : 3304, 4, 2022/04/23, 23:51:52.337, 15917440848116, vstest.console.dll, TcpClientExtensions.MessageLoopAsync: Polling on remoteEndPoint: 127.0.0.1:62526 localEndPoint: 127.0.0.1:62525
TpTrace Verbose: 0 : 3304, 4, 2022/04/23, 23:51:52.922, 15917446697918, vstest.console.dll, TcpClientExtensions.MessageLoopAsync: NotifyDataAvailable remoteEndPoint: 127.0.0.1:62526 localEndPoint: 127.0.0.1:62525
TpTrace Verbose: 0 : 3304, 4, 2022/04/23, 23:51:52.922, 15917446699101, vstest.console.dll, TestRequestSender.OnExecutionMessageReceived: Received message: {"Version":5,"MessageType":"TestSession.Message","Payload":{"MessageLevel":0,"Message":"[xUnit.net 00:00:00.59]   Discovering: Test"}}
TpTrace Verbose: 0 : 3304, 4, 2022/04/23, 23:51:52.922, 15917446700740, vstest.console.dll, TestRunRequest:SendTestRunMessage: Starting.
TpTrace Information: 0 : 3304, 4, 2022/04/23, 23:51:52.922, 15917446701355, vstest.console.dll, TestRunRequest:SendTestRunMessage: Completed.
TpTrace Verbose: 0 : 3304, 4, 2022/04/23, 23:51:52.922, 15917446701732, vstest.console.dll, TcpClientExtensions.MessageLoopAsync: Polling on remoteEndPoint: 127.0.0.1:62526 localEndPoint: 127.0.0.1:62525
TpTrace Verbose: 0 : 3304, 4, 2022/04/23, 23:51:52.951, 15917446994927, vstest.console.dll, TcpClientExtensions.MessageLoopAsync: NotifyDataAvailable remoteEndPoint: 127.0.0.1:62526 localEndPoint: 127.0.0.1:62525
TpTrace Verbose: 0 : 3304, 4, 2022/04/23, 23:51:52.952, 15917446996387, vstest.console.dll, TestRequestSender.OnExecutionMessageReceived: Received message: {"Version":5,"MessageType":"TestSession.Message","Payload":{"MessageLevel":0,"Message":"[xUnit.net 00:00:00.62]   Discovered:  Test"}}
TpTrace Verbose: 0 : 3304, 4, 2022/04/23, 23:51:52.952, 15917446997909, vstest.console.dll, TestRunRequest:SendTestRunMessage: Starting.
TpTrace Information: 0 : 3304, 4, 2022/04/23, 23:51:52.952, 15917446998484, vstest.console.dll, TestRunRequest:SendTestRunMessage: Completed.
TpTrace Verbose: 0 : 3304, 4, 2022/04/23, 23:51:52.952, 15917446998857, vstest.console.dll, TcpClientExtensions.MessageLoopAsync: Polling on remoteEndPoint: 127.0.0.1:62526 localEndPoint: 127.0.0.1:62525
TpTrace Verbose: 0 : 3304, 4, 2022/04/23, 23:51:52.954, 15917447016216, vstest.console.dll, TcpClientExtensions.MessageLoopAsync: NotifyDataAvailable remoteEndPoint: 127.0.0.1:62526 localEndPoint: 127.0.0.1:62525
TpTrace Verbose: 0 : 3304, 4, 2022/04/23, 23:51:52.954, 15917447017341, vstest.console.dll, TestRequestSender.OnExecutionMessageReceived: Received message: {"Version":5,"MessageType":"TestSession.Message","Payload":{"MessageLevel":0,"Message":"[xUnit.net 00:00:00.62]   Starting:    Test"}}
TpTrace Verbose: 0 : 3304, 4, 2022/04/23, 23:51:52.954, 15917447018545, vstest.console.dll, TestRunRequest:SendTestRunMessage: Starting.
TpTrace Information: 0 : 3304, 4, 2022/04/23, 23:51:52.954, 15917447019086, vstest.console.dll, TestRunRequest:SendTestRunMessage: Completed.
TpTrace Verbose: 0 : 3304, 4, 2022/04/23, 23:51:52.954, 15917447019437, vstest.console.dll, TcpClientExtensions.MessageLoopAsync: Polling on remoteEndPoint: 127.0.0.1:62526 localEndPoint: 127.0.0.1:62525
TpTrace Verbose: 0 : 3304, 4, 2022/04/23, 23:51:53.053, 15917448007164, vstest.console.dll, TcpClientExtensions.MessageLoopAsync: NotifyDataAvailable remoteEndPoint: 127.0.0.1:62526 localEndPoint: 127.0.0.1:62525
TpTrace Verbose: 0 : 3304, 4, 2022/04/23, 23:51:53.053, 15917448008489, vstest.console.dll, TestRequestSender.OnExecutionMessageReceived: Received message: {"Version":5,"MessageType":"TestSession.Message","Payload":{"MessageLevel":0,"Message":"[xUnit.net 00:00:00.72]   Finished:    Test"}}
TpTrace Verbose: 0 : 3304, 4, 2022/04/23, 23:51:53.053, 15917448010692, vstest.console.dll, TestRunRequest:SendTestRunMessage: Starting.
TpTrace Information: 0 : 3304, 4, 2022/04/23, 23:51:53.053, 15917448011890, vstest.console.dll, TestRunRequest:SendTestRunMessage: Completed.
TpTrace Verbose: 0 : 3304, 4, 2022/04/23, 23:51:53.053, 15917448012556, vstest.console.dll, TcpClientExtensions.MessageLoopAsync: Polling on remoteEndPoint: 127.0.0.1:62526 localEndPoint: 127.0.0.1:62525
TpTrace Verbose: 0 : 3304, 4, 2022/04/23, 23:51:53.089, 15917448372786, vstest.console.dll, TcpClientExtensions.MessageLoopAsync: NotifyDataAvailable remoteEndPoint: 127.0.0.1:62526 localEndPoint: 127.0.0.1:62525
TpTrace Verbose: 0 : 3304, 4, 2022/04/23, 23:51:53.089, 15917448374465, vstest.console.dll, TestRequestSender.OnExecutionMessageReceived: Received message: {"Version":5,"MessageType":"TestExecution.Completed","Payload":{"TestRunCompleteArgs":{"TestRunStatistics":{"ExecutedTests":2,"Stats":{"Passed":2}},"IsCanceled":false,"IsAborted":false,"Error":null,"AttachmentSets":[],"ElapsedTimeInRunningTests":"00:00:00.7347161","Metrics":{}},"LastRunTests":{"NewTestResults":[{"TestCase":{"Id":"e9679566-0777-eb12-33fe-f1a07ff40b4a","FullyQualifiedName":"Test.TestSDET.Should_only_allow_authorized_users_to_download_documents","DisplayName":"Test.TestSDET.Should_only_allow_authorized_users_to_download_documents","ExecutorUri":"executor://xunit/VsTestRunner2/netcoreapp","Source":"C:\\poc\\TestLeanTech\\TestSDET\\Test\\bin\\Debug\\net5.0\\fine-code-coverage\\build-output\\Test.dll","CodeFilePath":null,"LineNumber":0,"Properties":[]},"Attachments":[],"Outcome":1,"ErrorMessage":null,"ErrorStackTrace":null,"DisplayName":"Test.TestSDET.Should_only_allow_authorized_users_to_download_documents","Messages":[],"ComputerName":"NT-11021","Duration":"00:00:00.0221001","StartTime":"2022-04-24T02:51:53.0300517+00:00","EndTime":"2022-04-24T02:51:53.0301283+00:00","Properties":[]},{"TestCase":{"Id":"550353d7-d5dd-f987-29de-0707a11af8a9","FullyQualifiedName":"Test.TestSDET.Manager_can_grant_an_employee_access_to_document","DisplayName":"Test.TestSDET.Manager_can_grant_an_employee_access_to_document","ExecutorUri":"executor://xunit/VsTestRunner2/netcoreapp","Source":"C:\\poc\\TestLeanTech\\TestSDET\\Test\\bin\\Debug\\net5.0\\fine-code-coverage\\build-output\\Test.dll","CodeFilePath":null,"LineNumber":0,"Properties":[]},"Attachments":[],"Outcome":1,"ErrorMessage":null,"ErrorStackTrace":null,"DisplayName":"Test.TestSDET.Manager_can_grant_an_employee_access_to_document","Messages":[],"ComputerName":"NT-11021","Duration":"00:00:00.0029140","StartTime":"2022-04-24T02:51:53.0502827+00:00","EndTime":"2022-04-24T02:51:53.0502887+00:00","Properties":[]}],"TestRunStatistics":{"ExecutedTests":2,"Stats":{"Passed":2}},"ActiveTests":[]},"RunAttachments":[],"ExecutorUris":["executor://xunit/VsTestRunner2/netcoreapp"]}}
TpTrace Verbose: 0 : 3304, 4, 2022/04/23, 23:51:53.093, 15917448406358, vstest.console.dll, TestRequestSender.EndSession: Sending end session.
TpTrace Verbose: 0 : 3304, 4, 2022/04/23, 23:51:53.093, 15917448408260, vstest.console.dll, ProxyOperationManager.Close: waiting for test host to exit for 100 ms
TpTrace Warning: 0 : 3304, 12, 2022/04/23, 23:51:53.111, 15917448587747, vstest.console.dll, TestHostManagerCallbacks.ErrorReceivedCallback Test host standard error line: 
TpTrace Verbose: 0 : 3304, 7, 2022/04/23, 23:51:53.122, 15917448699463, vstest.console.dll, TestHostProvider.ExitCallBack: Host exited starting callback.
TpTrace Information: 0 : 3304, 7, 2022/04/23, 23:51:53.122, 15917448703933, vstest.console.dll, TestHostManagerCallbacks.ExitCallBack: Testhost processId: 24132 exited with exitcode: 0 error: ''
TpTrace Verbose: 0 : 3304, 7, 2022/04/23, 23:51:53.122, 15917448704738, vstest.console.dll, DotnetTestHostManager.OnHostExited: invoking OnHostExited callback
TpTrace Verbose: 0 : 3304, 7, 2022/04/23, 23:51:53.122, 15917448705234, vstest.console.dll, CrossPlatEngine.TestHostManagerHostExited: calling on client process exit callback.
TpTrace Information: 0 : 3304, 7, 2022/04/23, 23:51:53.122, 15917448705757, vstest.console.dll, TestRequestSender.OnClientProcessExit: Test host process exited. Standard error: 
TpTrace Information: 0 : 3304, 7, 2022/04/23, 23:51:53.123, 15917448706190, vstest.console.dll, SocketServer.Stop: Stop server endPoint: 127.0.0.1:62525
TpTrace Information: 0 : 3304, 7, 2022/04/23, 23:51:53.123, 15917448706768, vstest.console.dll, SocketServer.Stop: Cancellation requested. Stopping message loop.
TpTrace Warning: 0 : 3304, 4, 2022/04/23, 23:51:53.123, 15917448706175, vstest.console.dll, ProxyOperationManager: Timed out waiting for test host to exit. Will terminate process.
TpTrace Verbose: 0 : 3304, 4, 2022/04/23, 23:51:53.123, 15917448710989, vstest.console.dll, ProxyDataCollectionManager.InvokeDataCollectionServiceAction: Starting.
TpTrace Information: 0 : 3304, 4, 2022/04/23, 23:51:53.123, 15917448711540, vstest.console.dll, ProxyDataCollectionManager.AfterTestRunEnd: Get attachment set for datacollector processId: 20128 port: 62521
TpTrace Verbose: 0 : 3304, 4, 2022/04/23, 23:51:53.123, 15917448712038, vstest.console.dll, DataCollectionRequestSender.SendAfterTestRunStartAndGetResult : Send AfterTestRunEnd message with isCancelled: False
TpTrace Verbose: 0 : 3304, 4, 2022/04/23, 23:51:53.127, 15917448747877, vstest.console.dll, DataCollectionRequestSender.SendAfterTestRunStartAndGetResult : Received message: (DataCollection.AfterTestRunEndResult) -> {
  "AttachmentSets": [],
  "Metrics": {}
}
TpTrace Information: 0 : 3304, 4, 2022/04/23, 23:51:53.130, 15917448777254, vstest.console.dll, ProxyDataCollectionManager.InvokeDataCollectionServiceAction: Completed.
TpTrace Warning: 0 : 3304, 9, 2022/04/23, 23:51:53.135, 15917448826469, vstest.console.dll, DataCollectionLauncher.ErrorReceivedCallback datacollector standard error line: 
TpTrace Information: 0 : 3304, 7, 2022/04/23, 23:51:53.139, 15917448869121, vstest.console.dll, DataCollectionLauncher.ExitCallBack: Data collector exited with exitcode: 0 error: ''
TpTrace Verbose: 0 : 3304, 4, 2022/04/23, 23:51:53.176, 15917449236178, vstest.console.dll, TestRunRequest:SendTestRunStatsChange: Starting.
TpTrace Information: 0 : 3304, 4, 2022/04/23, 23:51:53.176, 15917449238397, vstest.console.dll, TestRunRequest:SendTestRunStatsChange: Completed.
TpTrace Verbose: 0 : 3304, 4, 2022/04/23, 23:51:53.176, 15917449239922, vstest.console.dll, ParallelProxyExecutionManager: HandlePartialRunComplete: Total completed clients = 1, Run complete = True, Run canceled: False.
TpTrace Verbose: 0 : 3304, 4, 2022/04/23, 23:51:53.197, 15917449455082, vstest.console.dll, TestRunRequest:TestRunComplete: Starting. IsAborted:False IsCanceled:False.
TpTrace Verbose: 0 : 3304, 4, 2022/04/23, 23:51:53.198, 15917449457526, vstest.console.dll, TestLoggerManager.HandleTestRunComplete: Ignoring as the object is disposed.
TpTrace Information: 0 : 3304, 4, 2022/04/23, 23:51:53.198, 15917449460386, vstest.console.dll, TestRunRequest:TestRunComplete: Completed.
TpTrace Verbose: 0 : 3304, 1, 2022/04/23, 23:51:53.198, 15917449460871, vstest.console.dll, TestRunRequest.Dispose: Starting.
TpTrace Verbose: 0 : 3304, 4, 2022/04/23, 23:51:53.198, 15917449461204, vstest.console.dll, TestRequestSender.SetOperationComplete: Setting operation complete.
TpTrace Information: 0 : 3304, 1, 2022/04/23, 23:51:53.198, 15917449461913, vstest.console.dll, TestRunRequest.Dispose: Completed.
TpTrace Information: 0 : 3304, 4, 2022/04/23, 23:51:53.198, 15917449462580, vstest.console.dll, SocketServer.Stop: Stop server endPoint: 127.0.0.1:62525
TpTrace Information: 0 : 3304, 1, 2022/04/23, 23:51:53.198, 15917449463436, vstest.console.dll, TestRequestManager.RunTests: run tests completed.
TpTrace Information: 0 : 3304, 4, 2022/04/23, 23:51:53.198, 15917449464151, vstest.console.dll, SocketServer.Stop: Cancellation requested. Stopping message loop.
TpTrace Information: 0 : 3304, 1, 2022/04/23, 23:51:53.198, 15917449465262, vstest.console.dll, RunTestsArgumentProcessor:Execute: Test run is completed.
TpTrace Information: 0 : 3304, 4, 2022/04/23, 23:51:53.198, 15917449465674, vstest.console.dll, SocketServer.PrivateStop: Stop server endPoint: 127.0.0.1:62525 error: 
TpTrace Verbose: 0 : 3304, 1, 2022/04/23, 23:51:53.199, 15917449467418, vstest.console.dll, Executor.Execute: Exiting with exit code of 0
TpTrace Verbose: 0 : 3304, 4, 2022/04/23, 23:51:53.199, 15917449471877, vstest.console.dll, LengthPrefixCommunicationChannel.Dispose: Dispose reader and writer.
